<?xml version="1.0" encoding="UTF-8"?>
<!-- Generated by org.testng.reporters.JUnitReportReporter -->
<testsuite hostname="NguyenNguyen-PC" name="pack.Test.LoginTest" tests="1" failures="0" timestamp="11 May 2017 07:11:54 GMT" time="12.640" errors="0">
  <testcase name="loginSuccess" time="12.640" classname="pack.Test.LoginTest"/>
</testsuite> <!-- pack.Test.LoginTest -->
